<?xml version="1.0" encoding="UTF-8"?>
<testng-results skipped="0" failed="0" total="2" passed="2">
  <reporter-output>
  </reporter-output>
  <suite name="Default suite" duration-ms="51814" started-at="2020-02-12T02:25:47Z" finished-at="2020-02-12T02:26:39Z">
    <groups>
    </groups>
    <test name="Default test" duration-ms="51814" started-at="2020-02-12T02:25:47Z" finished-at="2020-02-12T02:26:39Z">
      <class name="com.qa.hubspot.tests.HomePageTest">
        <test-method status="PASS" signature="setUp()[pri:0, instance:com.qa.hubspot.tests.HomePageTest@129a8472]" name="setUp" is-config="true" duration-ms="26343" started-at="2020-02-12T07:55:47Z" finished-at="2020-02-12T07:56:13Z">
          <reporter-output>
          </reporter-output>
        </test-method> <!-- setUp -->
        <test-method status="PASS" signature="verifyHomePageTitleTest()[pri:1, instance:com.qa.hubspot.tests.HomePageTest@129a8472]" name="verifyHomePageTitleTest" duration-ms="27" started-at="2020-02-12T07:56:13Z" finished-at="2020-02-12T07:56:13Z">
          <reporter-output>
          </reporter-output>
        </test-method> <!-- verifyHomePageTitleTest -->
        <test-method status="PASS" signature="tearDown()[pri:0, instance:com.qa.hubspot.tests.HomePageTest@129a8472]" name="tearDown" is-config="true" duration-ms="877" started-at="2020-02-12T07:56:13Z" finished-at="2020-02-12T07:56:14Z">
          <reporter-output>
          </reporter-output>
        </test-method> <!-- tearDown -->
        <test-method status="PASS" signature="setUp()[pri:0, instance:com.qa.hubspot.tests.HomePageTest@129a8472]" name="setUp" is-config="true" duration-ms="23576" started-at="2020-02-12T07:56:14Z" finished-at="2020-02-12T07:56:38Z">
          <reporter-output>
          </reporter-output>
        </test-method> <!-- setUp -->
        <test-method status="PASS" signature="verifyHomePageHeaderTest()[pri:2, instance:com.qa.hubspot.tests.HomePageTest@129a8472]" name="verifyHomePageHeaderTest" duration-ms="150" started-at="2020-02-12T07:56:38Z" finished-at="2020-02-12T07:56:38Z">
          <reporter-output>
          </reporter-output>
        </test-method> <!-- verifyHomePageHeaderTest -->
        <test-method status="PASS" signature="tearDown()[pri:0, instance:com.qa.hubspot.tests.HomePageTest@129a8472]" name="tearDown" is-config="true" duration-ms="818" started-at="2020-02-12T07:56:38Z" finished-at="2020-02-12T07:56:39Z">
          <reporter-output>
          </reporter-output>
        </test-method> <!-- tearDown -->
      </class> <!-- com.qa.hubspot.tests.HomePageTest -->
    </test> <!-- Default test -->
  </suite> <!-- Default suite -->
</testng-results>
